[0m2021.04.08 13:14:43 INFO  Started: Metals version 0.10.1 in workspace 'C:\Users\dessi\Exercism\java\hangman' for client vscode 1.55.0.[0m
[0m2021.04.08 13:14:48 INFO  time: initialize in 4.34s[0m
[0m2021.04.08 13:14:51 WARN  Build server is not auto-connectable.[0m
[0m2021.04.08 14:15:05 INFO  running 'C:\Users\dessi\AppData\Local\Temp\metals6244727012497273553\gradlew.bat --console=plain --init-script C:\Users\dessi\AppData\Local\Temp\metals6244727012497273553\init-script.gradle bloopInstall'[0m
[0m2021.04.08 14:15:09 INFO  Starting a Gradle Daemon (subsequent builds will be faster)[0m
[0m2021.04.08 14:15:18 ERROR [0m
[0m2021.04.08 14:15:18 ERROR FAILURE: Build failed with an exception.[0m
[0m2021.04.08 14:15:18 ERROR [0m
[0m2021.04.08 14:15:18 ERROR * What went wrong:[0m
[0m2021.04.08 14:15:18 ERROR Could not open cp_init remapped class cache for 9e87fybj5j6j6ahcz5vsibrkr (C:\Users\dessi\.gradle\caches\5.3.1\scripts-remapped\init_script_eqp2jw4aih7eb0cza3p59muo1\9e87fybj5j6j6ahcz5vsibrkr\cp_initdf81213ac8da0a0be535e5c64c4d77bc).[0m
[0m2021.04.08 14:15:18 ERROR > Could not open cp_init generic class cache for initialization script 'C:\Users\dessi\AppData\Local\Temp\metals6244727012497273553\init-script.gradle' (C:\Users\dessi\.gradle\caches\5.3.1\scripts\9e87fybj5j6j6ahcz5vsibrkr\cp_init\cp_initdf81213ac8da0a0be535e5c64c4d77bc).[0m
[0m2021.04.08 14:15:18 ERROR    > Could not initialize class org.codehaus.groovy.vmplugin.v7.Java7[0m
[0m2021.04.08 14:15:18 ERROR [0m
[0m2021.04.08 14:15:18 ERROR * Try:[0m
[0m2021.04.08 14:15:18 ERROR Run with --stacktrace option to get the stack trace. Run with --info or --debug option to get more log output. Run with --scan to get full insights.[0m
[0m2021.04.08 14:15:18 ERROR [0m
[0m2021.04.08 14:15:18 ERROR * Get more help at https://help.gradle.org[0m
[0m2021.04.08 14:15:18 ERROR [0m
[0m2021.04.08 14:15:18 ERROR BUILD FAILED in 11s[0m
[0m2021.04.08 14:15:18 INFO  gradle bloopInstall exit: 1[0m
[0m2021.04.08 14:15:18 INFO  time: ran 'gradle bloopInstall' in 12s[0m
[0m2021.04.08 14:15:18 ERROR Gradle command failed: C:\Users\dessi\AppData\Local\Temp\metals6244727012497273553\gradlew.bat --console=plain --init-script C:\Users\dessi\AppData\Local\Temp\metals6244727012497273553\init-script.gradle bloopInstall[0m
[0m2021.04.08 15:22:01 INFO  shutting down Metals[0m
