[0m2021.04.08 09:36:45 INFO  Started: Metals version 0.10.1 in workspace 'C:\Users\dessi\Exercism\java\alphametics' for client vscode 1.55.0.[0m
[0m2021.04.08 09:36:47 INFO  time: initialize in 1.93s[0m
[0m2021.04.08 09:36:50 WARN  Build server is not auto-connectable.[0m
[0m2021.04.08 09:42:22 INFO  running 'C:\Users\dessi\AppData\Local\Temp\metals13239823116096500100\gradlew.bat --console=plain --init-script C:\Users\dessi\AppData\Local\Temp\metals13239823116096500100\init-script.gradle bloopInstall'[0m
[0m2021.04.08 09:42:35 INFO  Starting a Gradle Daemon (subsequent builds will be faster)[0m
[0m2021.04.08 09:43:06 ERROR [0m
[0m2021.04.08 09:43:06 ERROR FAILURE: Build failed with an exception.[0m
[0m2021.04.08 09:43:06 ERROR [0m
[0m2021.04.08 09:43:06 ERROR * What went wrong:[0m
[0m2021.04.08 09:43:06 ERROR Could not open cp_init remapped class cache for 9e87fybj5j6j6ahcz5vsibrkr (C:\Users\dessi\.gradle\caches\5.3.1\scripts-remapped\init_script_b6sxgjlgmbulji9th3zqveg8z\9e87fybj5j6j6ahcz5vsibrkr\cp_initdf81213ac8da0a0be535e5c64c4d77bc).[0m
[0m2021.04.08 09:43:06 ERROR > Could not open cp_init generic class cache for initialization script 'C:\Users\dessi\AppData\Local\Temp\metals13239823116096500100\init-script.gradle' (C:\Users\dessi\.gradle\caches\5.3.1\scripts\9e87fybj5j6j6ahcz5vsibrkr\cp_init\cp_initdf81213ac8da0a0be535e5c64c4d77bc).[0m
[0m2021.04.08 09:43:06 ERROR    > Could not initialize class org.codehaus.groovy.vmplugin.v7.Java7[0m
[0m2021.04.08 09:43:06 ERROR [0m
[0m2021.04.08 09:43:06 ERROR * Try:[0m
[0m2021.04.08 09:43:06 ERROR Run with --stacktrace option to get the stack trace. Run with --info or --debug option to get more log output. Run with --scan to get full insights.[0m
[0m2021.04.08 09:43:06 ERROR [0m
[0m2021.04.08 09:43:06 ERROR * Get more help at https://help.gradle.org[0m
[0m2021.04.08 09:43:06 ERROR [0m
[0m2021.04.08 09:43:06 ERROR BUILD FAILED in 39s[0m
[0m2021.04.08 09:43:06 INFO  gradle bloopInstall exit: 1[0m
[0m2021.04.08 09:43:06 INFO  time: ran 'gradle bloopInstall' in 44s[0m
[0m2021.04.08 09:43:06 ERROR Gradle command failed: C:\Users\dessi\AppData\Local\Temp\metals13239823116096500100\gradlew.bat --console=plain --init-script C:\Users\dessi\AppData\Local\Temp\metals13239823116096500100\init-script.gradle bloopInstall[0m
[0m2021.04.08 09:43:33 INFO  shutting down Metals[0m
