[0m2021.04.03 14:15:16 INFO  Started: Metals version 0.10.0 in workspace 'C:\Users\dessi\Exercism\java\space-age' for client vscode 1.55.0.[0m
[0m2021.04.03 14:15:20 INFO  time: initialize in 3.65s[0m
[0m2021.04.03 14:15:22 WARN  Build server is not auto-connectable.[0m
[0m2021.04.03 14:19:03 INFO  running 'C:\Users\dessi\AppData\Local\Temp\metals7363570538195589421\gradlew.bat --console=plain --init-script C:\Users\dessi\AppData\Local\Temp\metals7363570538195589421\init-script.gradle bloopInstall'[0m
[0m2021.04.03 14:19:06 INFO  Starting a Gradle Daemon (subsequent builds will be faster)[0m
[0m2021.04.03 14:19:20 ERROR [0m
[0m2021.04.03 14:19:20 ERROR FAILURE: Build failed with an exception.[0m
[0m2021.04.03 14:19:20 ERROR [0m
[0m2021.04.03 14:19:20 ERROR * What went wrong:[0m
[0m2021.04.03 14:19:20 ERROR Could not open cp_init remapped class cache for 9e87fybj5j6j6ahcz5vsibrkr (C:\Users\dessi\.gradle\caches\5.3.1\scripts-remapped\init_script_2m807ooxa3gfv6mtv0zyjb0c8\9e87fybj5j6j6ahcz5vsibrkr\cp_initdf81213ac8da0a0be535e5c64c4d77bc).[0m
[0m2021.04.03 14:19:20 ERROR > Could not open cp_init generic class cache for initialization script 'C:\Users\dessi\AppData\Local\Temp\metals7363570538195589421\init-script.gradle' (C:\Users\dessi\.gradle\caches\5.3.1\scripts\9e87fybj5j6j6ahcz5vsibrkr\cp_init\cp_initdf81213ac8da0a0be535e5c64c4d77bc).[0m
[0m2021.04.03 14:19:20 ERROR    > Could not initialize class org.codehaus.groovy.vmplugin.v7.Java7[0m
[0m2021.04.03 14:19:20 ERROR [0m
[0m2021.04.03 14:19:20 ERROR * Try:[0m
[0m2021.04.03 14:19:20 ERROR Run with --stacktrace option to get the stack trace. Run with --info or --debug option to get more log output. Run with --scan to get full insights.[0m
[0m2021.04.03 14:19:20 ERROR [0m
[0m2021.04.03 14:19:20 ERROR * Get more help at https://help.gradle.org[0m
[0m2021.04.03 14:19:20 ERROR [0m
[0m2021.04.03 14:19:20 ERROR BUILD FAILED in 16s[0m
[0m2021.04.03 14:19:20 INFO  gradle bloopInstall exit: 1[0m
[0m2021.04.03 14:19:20 INFO  time: ran 'gradle bloopInstall' in 17s[0m
[0m2021.04.03 14:19:20 ERROR Gradle command failed: C:\Users\dessi\AppData\Local\Temp\metals7363570538195589421\gradlew.bat --console=plain --init-script C:\Users\dessi\AppData\Local\Temp\metals7363570538195589421\init-script.gradle bloopInstall[0m
[0m2021.04.03 14:21:11 INFO  shutting down Metals[0m
