# JRE version: Java(TM) SE Runtime Environment (14.0.2+12) (build 14.0.2+12-46)
# Java VM: Java HotSpot(TM) 64-Bit Server VM (14.0.2+12-46, mixed mode, sharing, tiered, compressed oops, parallel gc, windows-amd64)
Heap:
 PSYoungGen      total 23040K, used 4054K [0x00000000eab00000, 0x00000000eca00000, 0x0000000100000000)
  eden space 22016K, 18% used [0x00000000eab00000,0x00000000eaef5880,0x00000000ec080000)
  from space 1024K, 0% used [0x00000000ec200000,0x00000000ec200000,0x00000000ec300000)
  to   space 3072K, 0% used [0x00000000ec700000,0x00000000ec700000,0x00000000eca00000)
 ParOldGen       total 68608K, used 25582K [0x00000000c0000000, 0x00000000c4300000, 0x00000000eab00000)
  object space 68608K, 37% used [0x00000000c0000000,0x00000000c18fbb10,0x00000000c4300000)
 Metaspace       used 34856K, capacity 36539K, committed 36824K, reserved 1081344K
  class space    used 3412K, capacity 3957K, committed 4056K, reserved 1048576K
GC Heap History (20 events):
Event: 22.357 GC heap before
{Heap before GC invocations=4 (full 1):
 PSYoungGen      total 29696K, used 4084K [0x00000000eab00000, 0x00000000ecc00000, 0x0000000100000000)
  eden space 25600K, 0% used [0x00000000eab00000,0x00000000eab00000,0x00000000ec400000)
  from space 4096K, 99% used [0x00000000ec400000,0x00000000ec7fd020,0x00000000ec800000)
  to   space 4096K, 0% used [0x00000000ec800000,0x00000000ec800000,0x00000000ecc00000)
 ParOldGen       total 68608K, used 3020K [0x00000000c0000000, 0x00000000c4300000, 0x00000000eab00000)
  object space 68608K, 4% used [0x00000000c0000000,0x00000000c02f3230,0x00000000c4300000)
 Metaspace       used 20119K, capacity 21203K, committed 21248K, reserved 1069056K
  class space    used 1893K, capacity 2264K, committed 2304K, reserved 1048576K
}
Event: 22.396 GC heap after
{Heap after GC invocations=4 (full 1):
 PSYoungGen      total 29696K, used 0K [0x00000000eab00000, 0x00000000ecc00000, 0x0000000100000000)
  eden space 25600K, 0% used [0x00000000eab00000,0x00000000eab00000,0x00000000ec400000)
  from space 4096K, 0% used [0x00000000ec400000,0x00000000ec400000,0x00000000ec800000)
  to   space 4096K, 0% used [0x00000000ec800000,0x00000000ec800000,0x00000000ecc00000)
 ParOldGen       total 68608K, used 6952K [0x00000000c0000000, 0x00000000c4300000, 0x00000000eab00000)
  object space 68608K, 10% used [0x00000000c0000000,0x00000000c06ca290,0x00000000c4300000)
 Metaspace       used 20119K, capacity 21203K, committed 21248K, reserved 1069056K
  class space    used 1893K, capacity 2264K, committed 2304K, reserved 1048576K
}
Event: 24.957 GC heap before
{Heap before GC invocations=5 (full 1):
 PSYoungGen      total 29696K, used 25600K [0x00000000eab00000, 0x00000000ecc00000, 0x0000000100000000)
  eden space 25600K, 100% used [0x00000000eab00000,0x00000000ec400000,0x00000000ec400000)
  from space 4096K, 0% used [0x00000000ec400000,0x00000000ec400000,0x00000000ec800000)
  to   space 4096K, 0% used [0x00000000ec800000,0x00000000ec800000,0x00000000ecc00000)
 ParOldGen       total 68608K, used 6952K [0x00000000c0000000, 0x00000000c4300000, 0x00000000eab00000)
  object space 68608K, 10% used [0x00000000c0000000,0x00000000c06ca290,0x00000000c4300000)
 Metaspace       used 26179K, capacity 27788K, committed 28032K, reserved 1075200K
  class space    used 2595K, capacity 3191K, committed 3200K, reserved 1048576K
}
Event: 24.960 GC heap after
{Heap after GC invocations=5 (full 1):
 PSYoungGen      total 29696K, used 3114K [0x00000000eab00000, 0x00000000ecc00000, 0x0000000100000000)
  eden space 25600K, 0% used [0x00000000eab00000,0x00000000eab00000,0x00000000ec400000)
  from space 4096K, 76% used [0x00000000ec800000,0x00000000ecb0aa10,0x00000000ecc00000)
  to   space 4096K, 0% used [0x00000000ec400000,0x00000000ec400000,0x00000000ec800000)
 ParOldGen       total 68608K, used 6960K [0x00000000c0000000, 0x00000000c4300000, 0x00000000eab00000)
  object space 68608K, 10% used [0x00000000c0000000,0x00000000c06cc290,0x00000000c4300000)
 Metaspace       used 26179K, capacity 27788K, committed 28032K, reserved 1075200K
  class space    used 2595K, capacity 3191K, committed 3200K, reserved 1048576K
}
Event: 25.232 GC heap before
{Heap before GC invocations=6 (full 1):
 PSYoungGen      total 29696K, used 28714K [0x00000000eab00000, 0x00000000ecc00000, 0x0000000100000000)
  eden space 25600K, 100% used [0x00000000eab00000,0x00000000ec400000,0x00000000ec400000)
  from space 4096K, 76% used [0x00000000ec800000,0x00000000ecb0aa10,0x00000000ecc00000)
  to   space 4096K, 0% used [0x00000000ec400000,0x00000000ec400000,0x00000000ec800000)
 ParOldGen       total 68608K, used 6960K [0x00000000c0000000, 0x00000000c4300000, 0x00000000eab00000)
  object space 68608K, 10% used [0x00000000c0000000,0x00000000c06cc290,0x00000000c4300000)
 Metaspace       used 26353K, capacity 28007K, committed 28032K, reserved 1075200K
  class space    used 2611K, capacity 3200K, committed 3200K, reserved 1048576K
}
Event: 25.237 GC heap after
{Heap after GC invocations=6 (full 1):
 PSYoungGen      total 29184K, used 4092K [0x00000000eab00000, 0x00000000ecf80000, 0x0000000100000000)
  eden space 25088K, 0% used [0x00000000eab00000,0x00000000eab00000,0x00000000ec380000)
  from space 4096K, 99% used [0x00000000ec400000,0x00000000ec7ff270,0x00000000ec800000)
  to   space 6144K, 0% used [0x00000000ec980000,0x00000000ec980000,0x00000000ecf80000)
 ParOldGen       total 68608K, used 8176K [0x00000000c0000000, 0x00000000c4300000, 0x00000000eab00000)
  object space 68608K, 11% used [0x00000000c0000000,0x00000000c07fc2b0,0x00000000c4300000)
 Metaspace       used 26353K, capacity 28007K, committed 28032K, reserved 1075200K
  class space    used 2611K, capacity 3200K, committed 3200K, reserved 1048576K
}
Event: 25.413 GC heap before
{Heap before GC invocations=7 (full 1):
 PSYoungGen      total 29184K, used 29180K [0x00000000eab00000, 0x00000000ecf80000, 0x0000000100000000)
  eden space 25088K, 100% used [0x00000000eab00000,0x00000000ec380000,0x00000000ec380000)
  from space 4096K, 99% used [0x00000000ec400000,0x00000000ec7ff270,0x00000000ec800000)
  to   space 6144K, 0% used [0x00000000ec980000,0x00000000ec980000,0x00000000ecf80000)
 ParOldGen       total 68608K, used 8176K [0x00000000c0000000, 0x00000000c4300000, 0x00000000eab00000)
  object space 68608K, 11% used [0x00000000c0000000,0x00000000c07fc2b0,0x00000000c4300000)
 Metaspace       used 26380K, capacity 28071K, committed 28288K, reserved 1075200K
  class space    used 2611K, capacity 3200K, committed 3200K, reserved 1048576K
}
Event: 25.418 GC heap after
{Heap after GC invocations=7 (full 1):
 PSYoungGen      total 30208K, used 6128K [0x00000000eab00000, 0x00000000ed100000, 0x0000000100000000)
  eden space 24064K, 0% used [0x00000000eab00000,0x00000000eab00000,0x00000000ec280000)
  from space 6144K, 99% used [0x00000000ec980000,0x00000000ecf7c3f0,0x00000000ecf80000)
  to   space 7168K, 0% used [0x00000000ec280000,0x00000000ec280000,0x00000000ec980000)
 ParOldGen       total 68608K, used 8448K [0x00000000c0000000, 0x00000000c4300000, 0x00000000eab00000)
  object space 68608K, 12% used [0x00000000c0000000,0x00000000c08402b0,0x00000000c4300000)
 Metaspace       used 26380K, capacity 28071K, committed 28288K, reserved 1075200K
  class space    used 2611K, capacity 3200K, committed 3200K, reserved 1048576K
}
Event: 25.693 GC heap before
{Heap before GC invocations=8 (full 1):
 PSYoungGen      total 30208K, used 30192K [0x00000000eab00000, 0x00000000ed100000, 0x0000000100000000)
  eden space 24064K, 100% used [0x00000000eab00000,0x00000000ec280000,0x00000000ec280000)
  from space 6144K, 99% used [0x00000000ec980000,0x00000000ecf7c3f0,0x00000000ecf80000)
  to   space 7168K, 0% used [0x00000000ec280000,0x00000000ec280000,0x00000000ec980000)
 ParOldGen       total 68608K, used 8448K [0x00000000c0000000, 0x00000000c4300000, 0x00000000eab00000)
  object space 68608K, 12% used [0x00000000c0000000,0x00000000c08402b0,0x00000000c4300000)
 Metaspace       used 26503K, capacity 28135K, committed 28288K, reserved 1075200K
  class space    used 2624K, capacity 3200K, committed 3200K, reserved 1048576K
}
Event: 25.700 GC heap after
{Heap after GC invocations=8 (full 1):
 PSYoungGen      total 30720K, used 7147K [0x00000000eab00000, 0x00000000ed500000, 0x0000000100000000)
  eden space 23552K, 0% used [0x00000000eab00000,0x00000000eab00000,0x00000000ec200000)
  from space 7168K, 99% used [0x00000000ec280000,0x00000000ec97adf0,0x00000000ec980000)
  to   space 9728K, 0% used [0x00000000ecb80000,0x00000000ecb80000,0x00000000ed500000)
 ParOldGen       total 68608K, used 10087K [0x00000000c0000000, 0x00000000c4300000, 0x00000000eab00000)
  object space 68608K, 14% used [0x00000000c0000000,0x00000000c09d9eb8,0x00000000c4300000)
 Metaspace       used 26503K, capacity 28135K, committed 28288K, reserved 1075200K
  class space    used 2624K, capacity 3200K, committed 3200K, reserved 1048576K
}
Event: 25.800 GC heap before
{Heap before GC invocations=9 (full 1):
 PSYoungGen      total 30720K, used 30699K [0x00000000eab00000, 0x00000000ed500000, 0x0000000100000000)
  eden space 23552K, 100% used [0x00000000eab00000,0x00000000ec200000,0x00000000ec200000)
  from space 7168K, 99% used [0x00000000ec280000,0x00000000ec97adf0,0x00000000ec980000)
  to   space 9728K, 0% used [0x00000000ecb80000,0x00000000ecb80000,0x00000000ed500000)
 ParOldGen       total 68608K, used 10087K [0x00000000c0000000, 0x00000000c4300000, 0x00000000eab00000)
  object space 68608K, 14% used [0x00000000c0000000,0x00000000c09d9eb8,0x00000000c4300000)
 Metaspace       used 26503K, capacity 28135K, committed 28288K, reserved 1075200K
  class space    used 2624K, capacity 3200K, committed 3200K, reserved 1048576K
}
Event: 25.808 GC heap after
{Heap after GC invocations=9 (full 1):
 PSYoungGen      total 31232K, used 8128K [0x00000000eab00000, 0x00000000ed380000, 0x0000000100000000)
  eden space 23040K, 0% used [0x00000000eab00000,0x00000000eab00000,0x00000000ec180000)
  from space 8192K, 99% used [0x00000000ecb80000,0x00000000ed370020,0x00000000ed380000)
  to   space 8704K, 0% used [0x00000000ec280000,0x00000000ec280000,0x00000000ecb00000)
 ParOldGen       total 68608K, used 11738K [0x00000000c0000000, 0x00000000c4300000, 0x00000000eab00000)
  object space 68608K, 17% used [0x00000000c0000000,0x00000000c0b76b48,0x00000000c4300000)
 Metaspace       used 26503K, capacity 28135K, committed 28288K, reserved 1075200K
  class space    used 2624K, capacity 3200K, committed 3200K, reserved 1048576K
}
Event: 25.929 GC heap before
{Heap before GC invocations=10 (full 1):
 PSYoungGen      total 31232K, used 31168K [0x00000000eab00000, 0x00000000ed380000, 0x0000000100000000)
  eden space 23040K, 100% used [0x00000000eab00000,0x00000000ec180000,0x00000000ec180000)
  from space 8192K, 99% used [0x00000000ecb80000,0x00000000ed370020,0x00000000ed380000)
  to   space 8704K, 0% used [0x00000000ec280000,0x00000000ec280000,0x00000000ecb00000)
 ParOldGen       total 68608K, used 11738K [0x00000000c0000000, 0x00000000c4300000, 0x00000000eab00000)
  object space 68608K, 17% used [0x00000000c0000000,0x00000000c0b76b48,0x00000000c4300000)
 Metaspace       used 26504K, capacity 28136K, committed 28288K, reserved 1075200K
  class space    used 2624K, capacity 3200K, committed 3200K, reserved 1048576K
}
Event: 25.937 GC heap after
{Heap after GC invocations=10 (full 1):
 PSYoungGen      total 29696K, used 7072K [0x00000000eab00000, 0x00000000ed000000, 0x0000000100000000)
  eden space 22528K, 0% used [0x00000000eab00000,0x00000000eab00000,0x00000000ec100000)
  from space 7168K, 98% used [0x00000000ec280000,0x00000000ec968020,0x00000000ec980000)
  to   space 6656K, 0% used [0x00000000ec980000,0x00000000ec980000,0x00000000ed000000)
 ParOldGen       total 68608K, used 14983K [0x00000000c0000000, 0x00000000c4300000, 0x00000000eab00000)
  object space 68608K, 21% used [0x00000000c0000000,0x00000000c0ea1cc8,0x00000000c4300000)
 Metaspace       used 26504K, capacity 28136K, committed 28288K, reserved 1075200K
  class space    used 2624K, capacity 3200K, committed 3200K, reserved 1048576K
}
Event: 28.604 GC heap before
{Heap before GC invocations=11 (full 1):
 PSYoungGen      total 29696K, used 29594K [0x00000000eab00000, 0x00000000ed000000, 0x0000000100000000)
  eden space 22528K, 99% used [0x00000000eab00000,0x00000000ec0fea88,0x00000000ec100000)
  from space 7168K, 98% used [0x00000000ec280000,0x00000000ec968020,0x00000000ec980000)
  to   space 6656K, 0% used [0x00000000ec980000,0x00000000ec980000,0x00000000ed000000)
 ParOldGen       total 68608K, used 14983K [0x00000000c0000000, 0x00000000c4300000, 0x00000000eab00000)
  object space 68608K, 21% used [0x00000000c0000000,0x00000000c0ea1cc8,0x00000000c4300000)
 Metaspace       used 32088K, capacity 33693K, committed 34048K, reserved 1079296K
  class space    used 3194K, capacity 3734K, committed 3840K, reserved 1048576K
}
Event: 28.613 GC heap after
{Heap after GC invocations=11 (full 1):
 PSYoungGen      total 27648K, used 5548K [0x00000000eab00000, 0x00000000ecf00000, 0x0000000100000000)
  eden space 22016K, 0% used [0x00000000eab00000,0x00000000eab00000,0x00000000ec080000)
  from space 5632K, 98% used [0x00000000ec980000,0x00000000eceeb2a0,0x00000000ecf00000)
  to   space 6656K, 0% used [0x00000000ec200000,0x00000000ec200000,0x00000000ec880000)
 ParOldGen       total 68608K, used 19860K [0x00000000c0000000, 0x00000000c4300000, 0x00000000eab00000)
  object space 68608K, 28% used [0x00000000c0000000,0x00000000c1365040,0x00000000c4300000)
 Metaspace       used 32088K, capacity 33693K, committed 34048K, reserved 1079296K
  class space    used 3194K, capacity 3734K, committed 3840K, reserved 1048576K
}
Event: 29.012 GC heap before
{Heap before GC invocations=12 (full 1):
 PSYoungGen      total 27648K, used 9836K [0x00000000eab00000, 0x00000000ecf00000, 0x0000000100000000)
  eden space 22016K, 19% used [0x00000000eab00000,0x00000000eaf300f0,0x00000000ec080000)
  from space 5632K, 98% used [0x00000000ec980000,0x00000000eceeb2a0,0x00000000ecf00000)
  to   space 6656K, 0% used [0x00000000ec200000,0x00000000ec200000,0x00000000ec880000)
 ParOldGen       total 68608K, used 19860K [0x00000000c0000000, 0x00000000c4300000, 0x00000000eab00000)
  object space 68608K, 28% used [0x00000000c0000000,0x00000000c1365040,0x00000000c4300000)
 Metaspace       used 33651K, capacity 35284K, committed 35416K, reserved 1081344K
  class space    used 3318K, capacity 3859K, committed 3928K, reserved 1048576K
}
Event: 29.018 GC heap after
{Heap after GC invocations=12 (full 1):
 PSYoungGen      total 23040K, used 726K [0x00000000eab00000, 0x00000000eca00000, 0x0000000100000000)
  eden space 22016K, 0% used [0x00000000eab00000,0x00000000eab00000,0x00000000ec080000)
  from space 1024K, 70% used [0x00000000ec200000,0x00000000ec2b5848,0x00000000ec300000)
  to   space 3072K, 0% used [0x00000000ec700000,0x00000000ec700000,0x00000000eca00000)
 ParOldGen       total 68608K, used 25293K [0x00000000c0000000, 0x00000000c4300000, 0x00000000eab00000)
  object space 68608K, 36% used [0x00000000c0000000,0x00000000c18b36e0,0x00000000c4300000)
 Metaspace       used 33651K, capacity 35284K, committed 35416K, reserved 1081344K
  class space    used 3318K, capacity 3859K, committed 3928K, reserved 1048576K
}
Event: 29.018 GC heap before
{Heap before GC invocations=13 (full 2):
 PSYoungGen      total 23040K, used 726K [0x00000000eab00000, 0x00000000eca00000, 0x0000000100000000)
  eden space 22016K, 0% used [0x00000000eab00000,0x00000000eab00000,0x00000000ec080000)
  from space 1024K, 70% used [0x00000000ec200000,0x00000000ec2b5848,0x00000000ec300000)
  to   space 3072K, 0% used [0x00000000ec700000,0x00000000ec700000,0x00000000eca00000)
 ParOldGen       total 68608K, used 25293K [0x00000000c0000000, 0x00000000c4300000, 0x00000000eab00000)
  object space 68608K, 36% used [0x00000000c0000000,0x00000000c18b36e0,0x00000000c4300000)
 Metaspace       used 33651K, capacity 35284K, committed 35416K, reserved 1081344K
  class space    used 3318K, capacity 3859K, committed 3928K, reserved 1048576K
}
Event: 29.080 GC heap after
{Heap after GC invocations=13 (full 2):
 PSYoungGen      total 23040K, used 0K [0x00000000eab00000, 0x00000000eca00000, 0x0000000100000000)
  eden space 22016K, 0% used [0x00000000eab00000,0x00000000eab00000,0x00000000ec080000)
  from space 1024K, 0% used [0x00000000ec200000,0x00000000ec200000,0x00000000ec300000)
  to   space 3072K, 0% used [0x00000000ec700000,0x00000000ec700000,0x00000000eca00000)
 ParOldGen       total 68608K, used 25582K [0x00000000c0000000, 0x00000000c4300000, 0x00000000eab00000)
  object space 68608K, 37% used [0x00000000c0000000,0x00000000c18fbb10,0x00000000c4300000)
 Metaspace       used 33651K, capacity 35284K, committed 35416K, reserved 1081344K
  class space    used 3318K, capacity 3859K, committed 3928K, reserved 1048576K
}

